<html>
<head>
<title>TestNG:  TutorialsNinja Test Cases</title>
<link href="../testng.css" rel="stylesheet" type="text/css" />
<link href="../my-testng.css" rel="stylesheet" type="text/css" />

<style type="text/css">
.log { display: none;} 
.stack-trace { display: none;} 
</style>
<script type="text/javascript">
<!--
function flip(e) {
  current = e.style.display;
  if (current == 'block') {
    e.style.display = 'none';
    return 0;
  }
  else {
    e.style.display = 'block';
    return 1;
  }
}

function toggleBox(szDivId, elem, msg1, msg2)
{
  var res = -1;  if (document.getElementById) {
    res = flip(document.getElementById(szDivId));
  }
  else if (document.all) {
    // this is the way old msie versions work
    res = flip(document.all[szDivId]);
  }
  if(elem) {
    if(res == 0) elem.innerHTML = msg1; else elem.innerHTML = msg2;
  }

}

function toggleAllBoxes() {
  if (document.getElementsByTagName) {
    d = document.getElementsByTagName('div');
    for (i = 0; i < d.length; i++) {
      if (d[i].className == 'log') {
        flip(d[i]);
      }
    }
  }
}

// -->
</script>

</head>
<body>
<h2 align='center'>TutorialsNinja Test Cases</h2><table border='1' align="center">
<tr>
<td>Tests passed/Failed/Skipped:</td><td>12/1/1</td>
</tr><tr>
<td>Started on:</td><td>Thu Aug 24 11:37:15 IST 2023</td>
</tr>
<tr><td>Total time:</td><td>56 seconds (56114 ms)</td>
</tr><tr>
<td>Included groups:</td><td></td>
</tr><tr>
<td>Excluded groups:</td><td></td>
</tr>
</table><p/>
<small><i>(Hover the method name to see the test class name)</i></small><p/>
<table width='100%' border='1' class='invocation-failed'>
<tr><td colspan='4' align='center'><b>FAILED TESTS</b></td></tr>
<tr><td><b>Test method</b></td>
<td><b>Attribute(s)</b></td>
<td width="30%"><b>Exception</b></td>
<td width="10%"><b>Time (seconds)</b></td>
<td><b>Instance</b></td>
</tr>
<tr>
<td title='com.tutorialsninjas.qa.testcases.SearchTest.verifySearchWithInvalidProduct()'><b>verifySearchWithInvalidProduct</b><br>Test class: com.tutorialsninjas.qa.testcases.SearchTest</td>
<td><div><pre>java.lang.AssertionError: No product Message in Search result is not displayed expected [null] but found [There is no product that matches the search criteria.]
	at com.tutorialsninjas.qa.testcases.SearchTest.verifySearchWithInvalidProduct(SearchTest.java:51)
	at java.base/java.util.ArrayList.forEach(ArrayList.java:1511)
... Removed 32 stack frames</pre></div><a href='#' onClick='toggleBox("stack-trace493844439", this, "Click to show all stack frames", "Click to hide stack frames")'>Click to show all stack frames</a>
<div class='stack-trace' id='stack-trace493844439'><pre>java.lang.AssertionError: No product Message in Search result is not displayed expected [null] but found [There is no product that matches the search criteria.]
	at org.testng.Assert.fail(Assert.java:110)
	at org.testng.Assert.failNotEquals(Assert.java:1577)
	at org.testng.Assert.assertEqualsImpl(Assert.java:149)
	at org.testng.Assert.assertEquals(Assert.java:131)
	at org.testng.Assert.assertEquals(Assert.java:655)
	at com.tutorialsninjas.qa.testcases.SearchTest.verifySearchWithInvalidProduct(SearchTest.java:51)
	at java.base/jdk.internal.reflect.NativeMethodAccessorImpl.invoke0(Native Method)
	at java.base/jdk.internal.reflect.NativeMethodAccessorImpl.invoke(NativeMethodAccessorImpl.java:77)
	at java.base/jdk.internal.reflect.DelegatingMethodAccessorImpl.invoke(DelegatingMethodAccessorImpl.java:43)
	at java.base/java.lang.reflect.Method.invoke(Method.java:568)
	at org.testng.internal.invokers.MethodInvocationHelper.invokeMethod(MethodInvocationHelper.java:139)
	at org.testng.internal.invokers.TestInvoker.invokeMethod(TestInvoker.java:677)
	at org.testng.internal.invokers.TestInvoker.invokeTestMethod(TestInvoker.java:221)
	at org.testng.internal.invokers.MethodRunner.runInSequence(MethodRunner.java:50)
	at org.testng.internal.invokers.TestInvoker$MethodInvocationAgent.invoke(TestInvoker.java:969)
	at org.testng.internal.invokers.TestInvoker.invokeTestMethods(TestInvoker.java:194)
	at org.testng.internal.invokers.TestMethodWorker.invokeTestMethods(TestMethodWorker.java:148)
	at org.testng.internal.invokers.TestMethodWorker.run(TestMethodWorker.java:128)
	at java.base/java.util.ArrayList.forEach(ArrayList.java:1511)
	at org.testng.TestRunner.privateRun(TestRunner.java:829)
	at org.testng.TestRunner.run(TestRunner.java:602)
	at org.testng.SuiteRunner.runTest(SuiteRunner.java:437)
	at org.testng.SuiteRunner.runSequentially(SuiteRunner.java:431)
	at org.testng.SuiteRunner.privateRun(SuiteRunner.java:391)
	at org.testng.SuiteRunner.run(SuiteRunner.java:330)
	at org.testng.SuiteRunnerWorker.runSuite(SuiteRunnerWorker.java:52)
	at org.testng.SuiteRunnerWorker.run(SuiteRunnerWorker.java:95)
	at org.testng.TestNG.runSuitesSequentially(TestNG.java:1256)
	at org.testng.TestNG.runSuitesLocally(TestNG.java:1176)
	at org.testng.TestNG.runSuites(TestNG.java:1099)
	at org.testng.TestNG.run(TestNG.java:1067)
	at org.testng.remote.AbstractRemoteTestNG.run(AbstractRemoteTestNG.java:115)
	at org.testng.remote.RemoteTestNG.initAndRun(RemoteTestNG.java:251)
	at org.testng.remote.RemoteTestNG.main(RemoteTestNG.java:77)
</pre></div></td>
<td>0</td>
<td>com.tutorialsninjas.qa.testcases.SearchTest@477b4cdf</td></tr>
</table><p>
<table width='100%' border='1' class='invocation-passed'>
<tr><td colspan='4' align='center'><b>PASSED TESTS</b></td></tr>
<tr><td><b>Test method</b></td>
<td><b>Attribute(s)</b></td>
<td width="30%"><b>Exception</b></td>
<td width="10%"><b>Time (seconds)</b></td>
<td><b>Instance</b></td>
</tr>
<tr>
<td title='com.tutorialsninjas.qa.testcases.RegisterTest.verifyRegisteringAnAccountWithExistingEmailAddress()'><b>verifyRegisteringAnAccountWithExistingEmailAddress</b><br>Test class: com.tutorialsninjas.qa.testcases.RegisterTest</td>
<td></td>
<td>0</td>
<td>com.tutorialsninjas.qa.testcases.RegisterTest@662ac478</td></tr>
<tr>
<td title='com.tutorialsninjas.qa.testcases.LoginTest.verifyLoginWithValidEmailAndInValidPassword()'><b>verifyLoginWithValidEmailAndInValidPassword</b><br>Test class: com.tutorialsninjas.qa.testcases.LoginTest</td>
<td></td>
<td>0</td>
<td>com.tutorialsninjas.qa.testcases.LoginTest@175c2241</td></tr>
<tr>
<td title='com.tutorialsninjas.qa.testcases.LoginTest.verifyLoginWithValidCredential()'><b>verifyLoginWithValidCredential</b><br>Test class: com.tutorialsninjas.qa.testcases.LoginTest<br>Parameters: shivarajnagaroor@gmail.com, 1234567</td>
<td></td>
<td>0</td>
<td>com.tutorialsninjas.qa.testcases.LoginTest@175c2241</td></tr>
<tr>
<td title='com.tutorialsninjas.qa.testcases.SearchTest.verifySearchWithValidProduct()'><b>verifySearchWithValidProduct</b><br>Test class: com.tutorialsninjas.qa.testcases.SearchTest</td>
<td></td>
<td>0</td>
<td>com.tutorialsninjas.qa.testcases.SearchTest@477b4cdf</td></tr>
<tr>
<td title='com.tutorialsninjas.qa.testcases.LoginTest.verifyLoginWithInvalidEmailAndValidPassword()'><b>verifyLoginWithInvalidEmailAndValidPassword</b><br>Test class: com.tutorialsninjas.qa.testcases.LoginTest</td>
<td></td>
<td>0</td>
<td>com.tutorialsninjas.qa.testcases.LoginTest@175c2241</td></tr>
<tr>
<td title='com.tutorialsninjas.qa.testcases.LoginTest.verifyLoginWithoutProvidingCredencials()'><b>verifyLoginWithoutProvidingCredencials</b><br>Test class: com.tutorialsninjas.qa.testcases.LoginTest</td>
<td></td>
<td>0</td>
<td>com.tutorialsninjas.qa.testcases.LoginTest@175c2241</td></tr>
<tr>
<td title='com.tutorialsninjas.qa.testcases.RegisterTest.verifyRegisteringAnAccountWithMandatoryFields()'><b>verifyRegisteringAnAccountWithMandatoryFields</b><br>Test class: com.tutorialsninjas.qa.testcases.RegisterTest</td>
<td></td>
<td>1</td>
<td>com.tutorialsninjas.qa.testcases.RegisterTest@662ac478</td></tr>
<tr>
<td title='com.tutorialsninjas.qa.testcases.LoginTest.verifyLoginWithValidCredential()'><b>verifyLoginWithValidCredential</b><br>Test class: com.tutorialsninjas.qa.testcases.LoginTest<br>Parameters: shubhavgowda08@gmail.com, 1234567</td>
<td></td>
<td>0</td>
<td>com.tutorialsninjas.qa.testcases.LoginTest@175c2241</td></tr>
<tr>
<td title='com.tutorialsninjas.qa.testcases.LoginTest.verifyLoginWithInvalidCredential()'><b>verifyLoginWithInvalidCredential</b><br>Test class: com.tutorialsninjas.qa.testcases.LoginTest</td>
<td></td>
<td>0</td>
<td>com.tutorialsninjas.qa.testcases.LoginTest@175c2241</td></tr>
<tr>
<td title='com.tutorialsninjas.qa.testcases.RegisterTest.verifyRegisteringAccounByProvidingAllFields()'><b>verifyRegisteringAccounByProvidingAllFields</b><br>Test class: com.tutorialsninjas.qa.testcases.RegisterTest</td>
<td></td>
<td>1</td>
<td>com.tutorialsninjas.qa.testcases.RegisterTest@662ac478</td></tr>
<tr>
<td title='com.tutorialsninjas.qa.testcases.RegisterTest.verifyRegisteringAnAccountWithoutFillingAnyDetails()'><b>verifyRegisteringAnAccountWithoutFillingAnyDetails</b><br>Test class: com.tutorialsninjas.qa.testcases.RegisterTest</td>
<td></td>
<td>0</td>
<td>com.tutorialsninjas.qa.testcases.RegisterTest@662ac478</td></tr>
<tr>
<td title='com.tutorialsninjas.qa.testcases.LoginTest.verifyLoginWithValidCredential()'><b>verifyLoginWithValidCredential</b><br>Test class: com.tutorialsninjas.qa.testcases.LoginTest<br>Parameters: shubhasindhu877@gmail.com, 123456</td>
<td></td>
<td>0</td>
<td>com.tutorialsninjas.qa.testcases.LoginTest@175c2241</td></tr>
</table><p>
<table width='100%' border='1' class='invocation-skipped'>
<tr><td colspan='4' align='center'><b>SKIPPED TESTS</b></td></tr>
<tr><td><b>Test method</b></td>
<td><b>Attribute(s)</b></td>
<td width="30%"><b>Exception</b></td>
<td width="10%"><b>Time (seconds)</b></td>
<td><b>Instance</b></td>
</tr>
<tr>
<td title='com.tutorialsninjas.qa.testcases.SearchTest.verifySearchWithoutAnyProduct()'><b>verifySearchWithoutAnyProduct</b><br>Test class: com.tutorialsninjas.qa.testcases.SearchTest</td>
<td><div><pre>java.lang.Throwable: Method com.tutorialsninjas.qa.testcases.SearchTest.verifySearchWithoutAnyProduct() on instance com.tutorialsninjas.qa.testcases.SearchTest@477b4cdf depends on not successfully finished methods 
[com.tutorialsninjas.qa.testcases.SearchTest.verifySearchWithInvalidProduct() on instance com.tutorialsninjas.qa.testcases.SearchTest@477b4cdf]
	at java.base/java.util.ArrayList.forEach(ArrayList.java:1511)
... Removed 18 stack frames</pre></div><a href='#' onClick='toggleBox("stack-trace1617784108", this, "Click to show all stack frames", "Click to hide stack frames")'>Click to show all stack frames</a>
<div class='stack-trace' id='stack-trace1617784108'><pre>java.lang.Throwable: Method com.tutorialsninjas.qa.testcases.SearchTest.verifySearchWithoutAnyProduct() on instance com.tutorialsninjas.qa.testcases.SearchTest@477b4cdf depends on not successfully finished methods 
[com.tutorialsninjas.qa.testcases.SearchTest.verifySearchWithInvalidProduct() on instance com.tutorialsninjas.qa.testcases.SearchTest@477b4cdf]
	at org.testng.internal.invokers.TestInvoker.invokeTestMethods(TestInvoker.java:150)
	at org.testng.internal.invokers.TestMethodWorker.invokeTestMethods(TestMethodWorker.java:148)
	at org.testng.internal.invokers.TestMethodWorker.run(TestMethodWorker.java:128)
	at java.base/java.util.ArrayList.forEach(ArrayList.java:1511)
	at org.testng.TestRunner.privateRun(TestRunner.java:829)
	at org.testng.TestRunner.run(TestRunner.java:602)
	at org.testng.SuiteRunner.runTest(SuiteRunner.java:437)
	at org.testng.SuiteRunner.runSequentially(SuiteRunner.java:431)
	at org.testng.SuiteRunner.privateRun(SuiteRunner.java:391)
	at org.testng.SuiteRunner.run(SuiteRunner.java:330)
	at org.testng.SuiteRunnerWorker.runSuite(SuiteRunnerWorker.java:52)
	at org.testng.SuiteRunnerWorker.run(SuiteRunnerWorker.java:95)
	at org.testng.TestNG.runSuitesSequentially(TestNG.java:1256)
	at org.testng.TestNG.runSuitesLocally(TestNG.java:1176)
	at org.testng.TestNG.runSuites(TestNG.java:1099)
	at org.testng.TestNG.run(TestNG.java:1067)
	at org.testng.remote.AbstractRemoteTestNG.run(AbstractRemoteTestNG.java:115)
	at org.testng.remote.RemoteTestNG.initAndRun(RemoteTestNG.java:251)
	at org.testng.remote.RemoteTestNG.main(RemoteTestNG.java:77)
</pre></div></td>
<td>0</td>
<td>com.tutorialsninjas.qa.testcases.SearchTest@477b4cdf</td></tr>
</table><p>
</body>
</html>