<?xml version="1.0" encoding="UTF-8"?>
<!-- Generated by org.testng.reporters.JUnitXMLReporter -->
<testsuite ignored="0" hostname="TYSS-SHUBHA" failures="1" tests="14" name="TutorialsNinja Test Cases" time="107.822" errors="0" timestamp="2023-08-31T13:26:02 IST">
  <testcase classname="com.tutorialsninjas.qa.testcases.LoginTest" name="verifyLoginWithValidCredential" time="2.355"/>
  <testcase classname="com.tutorialsninjas.qa.testcases.LoginTest" name="verifyLoginWithValidCredential" time="2.181"/>
  <testcase classname="com.tutorialsninjas.qa.testcases.LoginTest" name="verifyLoginWithValidCredential" time="1.505"/>
  <testcase classname="com.tutorialsninjas.qa.testcases.LoginTest" name="verifyLoginWithInvalidCredential" time="1.397"/>
  <testcase classname="com.tutorialsninjas.qa.testcases.LoginTest" name="verifyLoginWithInvalidEmailAndValidPassword" time="1.367"/>
  <testcase classname="com.tutorialsninjas.qa.testcases.LoginTest" name="verifyLoginWithValidEmailAndInValidPassword" time="1.205"/>
  <testcase classname="com.tutorialsninjas.qa.testcases.LoginTest" name="verifyLoginWithoutProvidingCredencials" time="0.646"/>
  <testcase classname="com.tutorialsninjas.qa.testcases.RegisterTest" name="verifyRegisteringAnAccountWithMandatoryFields" time="3.135"/>
  <testcase classname="com.tutorialsninjas.qa.testcases.RegisterTest" name="verifyRegisteringAccounByProvidingAllFields" time="3.29"/>
  <testcase classname="com.tutorialsninjas.qa.testcases.RegisterTest" name="verifyRegisteringAnAccountWithExistingEmailAddress" time="2.919"/>
  <testcase classname="com.tutorialsninjas.qa.testcases.RegisterTest" name="verifyRegisteringAnAccountWithoutFillingAnyDetails" time="0.929"/>
  <testcase classname="com.tutorialsninjas.qa.testcases.SearchTest" name="verifySearchWithValidProduct" time="1.014"/>
  <testcase classname="com.tutorialsninjas.qa.testcases.SearchTest" name="verifySearchWithInvalidProduct" time="0.942">
    <failure type="java.lang.AssertionError" message="No product Message in Search result is not displayed expected [null] but found [There is no product that matches the search criteria.]">
      <![CDATA[java.lang.AssertionError: No product Message in Search result is not displayed expected [null] but found [There is no product that matches the search criteria.]
at com.tutorialsninjas.qa.testcases.SearchTest.verifySearchWithInvalidProduct(SearchTest.java:51)
at java.base/java.util.ArrayList.forEach(ArrayList.java:1511)
... Removed 32 stack frames]]>
    </failure>
  </testcase> <!-- verifySearchWithInvalidProduct -->
  <testcase classname="com.tutorialsninjas.qa.testcases.SearchTest" name="verifySearchWithoutAnyProduct" time="0.0">
    <skipped/>
  </testcase> <!-- verifySearchWithoutAnyProduct -->
</testsuite> <!-- TutorialsNinja Test Cases -->
