<?xml version="1.0" encoding="UTF-8"?>
<testng-results ignored="0" total="14" passed="12" failed="1" skipped="1">
  <reporter-output>
  </reporter-output>
  <suite started-at="2023-08-31T13:24:13 IST" name="TutorialsNinja Automation Test Suite" finished-at="2023-08-31T13:26:01 IST" duration-ms="107822">
    <groups>
    </groups>
    <test started-at="2023-08-31T13:24:13 IST" name="TutorialsNinja Test Cases" finished-at="2023-08-31T13:26:01 IST" duration-ms="107822">
      <class name="com.tutorialsninjas.qa.testcases.LoginTest">
        <test-method is-config="true" signature="setUp()[pri:0, instance:com.tutorialsninjas.qa.testcases.LoginTest@1bb5a082]" started-at="2023-08-31T13:24:15 IST" name="setUp" finished-at="2023-08-31T13:24:26 IST" duration-ms="10720" status="PASS">
          <reporter-output>
          </reporter-output>
        </test-method> <!-- setUp -->
        <test-method signature="verifyLoginWithValidCredential(java.lang.String,java.lang.String)[pri:1, instance:com.tutorialsninjas.qa.testcases.LoginTest@1bb5a082]" started-at="2023-08-31T13:24:26 IST" name="verifyLoginWithValidCredential" data-provider="validCredentialsSupplier" finished-at="2023-08-31T13:24:28 IST" duration-ms="2355" status="PASS">
          <params>
            <param index="0">
              <value>
                <![CDATA[shubhasindhu877@gmail.com]]>
              </value>
            </param>
            <param index="1">
              <value>
                <![CDATA[123456]]>
              </value>
            </param>
          </params>
          <reporter-output>
          </reporter-output>
        </test-method> <!-- verifyLoginWithValidCredential -->
        <test-method is-config="true" signature="tearDown()[pri:0, instance:com.tutorialsninjas.qa.testcases.LoginTest@1bb5a082]" started-at="2023-08-31T13:24:28 IST" name="tearDown" finished-at="2023-08-31T13:24:28 IST" duration-ms="377" status="PASS">
          <reporter-output>
          </reporter-output>
        </test-method> <!-- tearDown -->
        <test-method is-config="true" signature="setUp()[pri:0, instance:com.tutorialsninjas.qa.testcases.LoginTest@1bb5a082]" started-at="2023-08-31T13:24:28 IST" name="setUp" finished-at="2023-08-31T13:24:34 IST" duration-ms="5740" status="PASS">
          <reporter-output>
          </reporter-output>
        </test-method> <!-- setUp -->
        <test-method signature="verifyLoginWithValidCredential(java.lang.String,java.lang.String)[pri:1, instance:com.tutorialsninjas.qa.testcases.LoginTest@1bb5a082]" started-at="2023-08-31T13:24:34 IST" name="verifyLoginWithValidCredential" data-provider="validCredentialsSupplier" finished-at="2023-08-31T13:24:36 IST" duration-ms="2181" status="PASS">
          <params>
            <param index="0">
              <value>
                <![CDATA[shivarajnagaroor@gmail.com]]>
              </value>
            </param>
            <param index="1">
              <value>
                <![CDATA[1234567]]>
              </value>
            </param>
          </params>
          <reporter-output>
          </reporter-output>
        </test-method> <!-- verifyLoginWithValidCredential -->
        <test-method is-config="true" signature="tearDown()[pri:0, instance:com.tutorialsninjas.qa.testcases.LoginTest@1bb5a082]" started-at="2023-08-31T13:24:36 IST" name="tearDown" finished-at="2023-08-31T13:24:37 IST" duration-ms="316" status="PASS">
          <reporter-output>
          </reporter-output>
        </test-method> <!-- tearDown -->
        <test-method is-config="true" signature="setUp()[pri:0, instance:com.tutorialsninjas.qa.testcases.LoginTest@1bb5a082]" started-at="2023-08-31T13:24:37 IST" name="setUp" finished-at="2023-08-31T13:24:42 IST" duration-ms="5127" status="PASS">
          <reporter-output>
          </reporter-output>
        </test-method> <!-- setUp -->
        <test-method signature="verifyLoginWithValidCredential(java.lang.String,java.lang.String)[pri:1, instance:com.tutorialsninjas.qa.testcases.LoginTest@1bb5a082]" started-at="2023-08-31T13:24:42 IST" name="verifyLoginWithValidCredential" data-provider="validCredentialsSupplier" finished-at="2023-08-31T13:24:43 IST" duration-ms="1505" status="PASS">
          <params>
            <param index="0">
              <value>
                <![CDATA[shubhavgowda08@gmail.com]]>
              </value>
            </param>
            <param index="1">
              <value>
                <![CDATA[1234567]]>
              </value>
            </param>
          </params>
          <reporter-output>
          </reporter-output>
        </test-method> <!-- verifyLoginWithValidCredential -->
        <test-method is-config="true" signature="tearDown()[pri:0, instance:com.tutorialsninjas.qa.testcases.LoginTest@1bb5a082]" started-at="2023-08-31T13:24:43 IST" name="tearDown" finished-at="2023-08-31T13:24:43 IST" duration-ms="290" status="PASS">
          <reporter-output>
          </reporter-output>
        </test-method> <!-- tearDown -->
        <test-method is-config="true" signature="setUp()[pri:0, instance:com.tutorialsninjas.qa.testcases.LoginTest@1bb5a082]" started-at="2023-08-31T13:24:43 IST" name="setUp" finished-at="2023-08-31T13:24:49 IST" duration-ms="5361" status="PASS">
          <reporter-output>
          </reporter-output>
        </test-method> <!-- setUp -->
        <test-method signature="verifyLoginWithInvalidCredential()[pri:2, instance:com.tutorialsninjas.qa.testcases.LoginTest@1bb5a082]" started-at="2023-08-31T13:24:49 IST" name="verifyLoginWithInvalidCredential" finished-at="2023-08-31T13:24:50 IST" duration-ms="1397" status="PASS">
          <reporter-output>
          </reporter-output>
        </test-method> <!-- verifyLoginWithInvalidCredential -->
        <test-method is-config="true" signature="tearDown()[pri:0, instance:com.tutorialsninjas.qa.testcases.LoginTest@1bb5a082]" started-at="2023-08-31T13:24:50 IST" name="tearDown" finished-at="2023-08-31T13:24:51 IST" duration-ms="314" status="PASS">
          <reporter-output>
          </reporter-output>
        </test-method> <!-- tearDown -->
        <test-method is-config="true" signature="setUp()[pri:0, instance:com.tutorialsninjas.qa.testcases.LoginTest@1bb5a082]" started-at="2023-08-31T13:24:51 IST" name="setUp" finished-at="2023-08-31T13:24:56 IST" duration-ms="5350" status="PASS">
          <reporter-output>
          </reporter-output>
        </test-method> <!-- setUp -->
        <test-method signature="verifyLoginWithInvalidEmailAndValidPassword()[pri:3, instance:com.tutorialsninjas.qa.testcases.LoginTest@1bb5a082]" started-at="2023-08-31T13:24:56 IST" name="verifyLoginWithInvalidEmailAndValidPassword" finished-at="2023-08-31T13:24:57 IST" duration-ms="1367" status="PASS">
          <reporter-output>
          </reporter-output>
        </test-method> <!-- verifyLoginWithInvalidEmailAndValidPassword -->
        <test-method is-config="true" signature="tearDown()[pri:0, instance:com.tutorialsninjas.qa.testcases.LoginTest@1bb5a082]" started-at="2023-08-31T13:24:57 IST" name="tearDown" finished-at="2023-08-31T13:24:58 IST" duration-ms="307" status="PASS">
          <reporter-output>
          </reporter-output>
        </test-method> <!-- tearDown -->
        <test-method is-config="true" signature="setUp()[pri:0, instance:com.tutorialsninjas.qa.testcases.LoginTest@1bb5a082]" started-at="2023-08-31T13:24:58 IST" name="setUp" finished-at="2023-08-31T13:25:03 IST" duration-ms="5150" status="PASS">
          <reporter-output>
          </reporter-output>
        </test-method> <!-- setUp -->
        <test-method signature="verifyLoginWithValidEmailAndInValidPassword()[pri:4, instance:com.tutorialsninjas.qa.testcases.LoginTest@1bb5a082]" started-at="2023-08-31T13:25:03 IST" name="verifyLoginWithValidEmailAndInValidPassword" finished-at="2023-08-31T13:25:04 IST" duration-ms="1205" status="PASS">
          <reporter-output>
          </reporter-output>
        </test-method> <!-- verifyLoginWithValidEmailAndInValidPassword -->
        <test-method is-config="true" signature="tearDown()[pri:0, instance:com.tutorialsninjas.qa.testcases.LoginTest@1bb5a082]" started-at="2023-08-31T13:25:04 IST" name="tearDown" finished-at="2023-08-31T13:25:04 IST" duration-ms="241" status="PASS">
          <reporter-output>
          </reporter-output>
        </test-method> <!-- tearDown -->
        <test-method is-config="true" signature="setUp()[pri:0, instance:com.tutorialsninjas.qa.testcases.LoginTest@1bb5a082]" started-at="2023-08-31T13:25:04 IST" name="setUp" finished-at="2023-08-31T13:25:09 IST" duration-ms="5127" status="PASS">
          <reporter-output>
          </reporter-output>
        </test-method> <!-- setUp -->
        <test-method signature="verifyLoginWithoutProvidingCredencials()[pri:5, instance:com.tutorialsninjas.qa.testcases.LoginTest@1bb5a082]" started-at="2023-08-31T13:25:09 IST" name="verifyLoginWithoutProvidingCredencials" finished-at="2023-08-31T13:25:10 IST" duration-ms="646" status="PASS">
          <reporter-output>
          </reporter-output>
        </test-method> <!-- verifyLoginWithoutProvidingCredencials -->
        <test-method is-config="true" signature="tearDown()[pri:0, instance:com.tutorialsninjas.qa.testcases.LoginTest@1bb5a082]" started-at="2023-08-31T13:25:10 IST" name="tearDown" finished-at="2023-08-31T13:25:10 IST" duration-ms="294" status="PASS">
          <reporter-output>
          </reporter-output>
        </test-method> <!-- tearDown -->
      </class> <!-- com.tutorialsninjas.qa.testcases.LoginTest -->
      <class name="com.tutorialsninjas.qa.testcases.RegisterTest">
        <test-method is-config="true" signature="setUp()[pri:0, instance:com.tutorialsninjas.qa.testcases.RegisterTest@327514f]" started-at="2023-08-31T13:25:10 IST" name="setUp" finished-at="2023-08-31T13:25:17 IST" duration-ms="6458" status="PASS">
          <reporter-output>
          </reporter-output>
        </test-method> <!-- setUp -->
        <test-method signature="verifyRegisteringAnAccountWithMandatoryFields()[pri:1, instance:com.tutorialsninjas.qa.testcases.RegisterTest@327514f]" started-at="2023-08-31T13:25:17 IST" name="verifyRegisteringAnAccountWithMandatoryFields" finished-at="2023-08-31T13:25:20 IST" duration-ms="3135" status="PASS">
          <reporter-output>
          </reporter-output>
        </test-method> <!-- verifyRegisteringAnAccountWithMandatoryFields -->
        <test-method is-config="true" signature="tearDown()[pri:0, instance:com.tutorialsninjas.qa.testcases.RegisterTest@327514f]" started-at="2023-08-31T13:25:20 IST" name="tearDown" finished-at="2023-08-31T13:25:20 IST" duration-ms="316" status="PASS">
          <reporter-output>
          </reporter-output>
        </test-method> <!-- tearDown -->
        <test-method is-config="true" signature="setUp()[pri:0, instance:com.tutorialsninjas.qa.testcases.RegisterTest@327514f]" started-at="2023-08-31T13:25:20 IST" name="setUp" finished-at="2023-08-31T13:25:26 IST" duration-ms="5421" status="PASS">
          <reporter-output>
          </reporter-output>
        </test-method> <!-- setUp -->
        <test-method signature="verifyRegisteringAccounByProvidingAllFields()[pri:2, instance:com.tutorialsninjas.qa.testcases.RegisterTest@327514f]" started-at="2023-08-31T13:25:26 IST" name="verifyRegisteringAccounByProvidingAllFields" finished-at="2023-08-31T13:25:29 IST" duration-ms="3290" status="PASS">
          <reporter-output>
          </reporter-output>
        </test-method> <!-- verifyRegisteringAccounByProvidingAllFields -->
        <test-method is-config="true" signature="tearDown()[pri:0, instance:com.tutorialsninjas.qa.testcases.RegisterTest@327514f]" started-at="2023-08-31T13:25:29 IST" name="tearDown" finished-at="2023-08-31T13:25:29 IST" duration-ms="254" status="PASS">
          <reporter-output>
          </reporter-output>
        </test-method> <!-- tearDown -->
        <test-method is-config="true" signature="setUp()[pri:0, instance:com.tutorialsninjas.qa.testcases.RegisterTest@327514f]" started-at="2023-08-31T13:25:29 IST" name="setUp" finished-at="2023-08-31T13:25:36 IST" duration-ms="6404" status="PASS">
          <reporter-output>
          </reporter-output>
        </test-method> <!-- setUp -->
        <test-method signature="verifyRegisteringAnAccountWithExistingEmailAddress()[pri:3, instance:com.tutorialsninjas.qa.testcases.RegisterTest@327514f]" started-at="2023-08-31T13:25:36 IST" name="verifyRegisteringAnAccountWithExistingEmailAddress" finished-at="2023-08-31T13:25:38 IST" duration-ms="2919" status="PASS">
          <reporter-output>
          </reporter-output>
        </test-method> <!-- verifyRegisteringAnAccountWithExistingEmailAddress -->
        <test-method is-config="true" signature="tearDown()[pri:0, instance:com.tutorialsninjas.qa.testcases.RegisterTest@327514f]" started-at="2023-08-31T13:25:38 IST" name="tearDown" finished-at="2023-08-31T13:25:39 IST" duration-ms="325" status="PASS">
          <reporter-output>
          </reporter-output>
        </test-method> <!-- tearDown -->
        <test-method is-config="true" signature="setUp()[pri:0, instance:com.tutorialsninjas.qa.testcases.RegisterTest@327514f]" started-at="2023-08-31T13:25:39 IST" name="setUp" finished-at="2023-08-31T13:25:47 IST" duration-ms="7861" status="PASS">
          <reporter-output>
          </reporter-output>
        </test-method> <!-- setUp -->
        <test-method signature="verifyRegisteringAnAccountWithoutFillingAnyDetails()[pri:4, instance:com.tutorialsninjas.qa.testcases.RegisterTest@327514f]" started-at="2023-08-31T13:25:47 IST" name="verifyRegisteringAnAccountWithoutFillingAnyDetails" finished-at="2023-08-31T13:25:48 IST" duration-ms="929" status="PASS">
          <reporter-output>
          </reporter-output>
        </test-method> <!-- verifyRegisteringAnAccountWithoutFillingAnyDetails -->
        <test-method is-config="true" signature="tearDown()[pri:0, instance:com.tutorialsninjas.qa.testcases.RegisterTest@327514f]" started-at="2023-08-31T13:25:48 IST" name="tearDown" finished-at="2023-08-31T13:25:48 IST" duration-ms="280" status="PASS">
          <reporter-output>
          </reporter-output>
        </test-method> <!-- tearDown -->
      </class> <!-- com.tutorialsninjas.qa.testcases.RegisterTest -->
      <class name="com.tutorialsninjas.qa.testcases.SearchTest">
        <test-method is-config="true" signature="setUp()[pri:0, instance:com.tutorialsninjas.qa.testcases.SearchTest@4c12331b]" started-at="2023-08-31T13:25:48 IST" name="setUp" finished-at="2023-08-31T13:25:52 IST" duration-ms="4545" status="PASS">
          <reporter-output>
          </reporter-output>
        </test-method> <!-- setUp -->
        <test-method signature="verifySearchWithValidProduct()[pri:1, instance:com.tutorialsninjas.qa.testcases.SearchTest@4c12331b]" started-at="2023-08-31T13:25:52 IST" name="verifySearchWithValidProduct" finished-at="2023-08-31T13:25:53 IST" duration-ms="1014" status="PASS">
          <reporter-output>
          </reporter-output>
        </test-method> <!-- verifySearchWithValidProduct -->
        <test-method is-config="true" signature="tearDown()[pri:0, instance:com.tutorialsninjas.qa.testcases.SearchTest@4c12331b]" started-at="2023-08-31T13:25:53 IST" name="tearDown" finished-at="2023-08-31T13:25:54 IST" duration-ms="305" status="PASS">
          <reporter-output>
          </reporter-output>
        </test-method> <!-- tearDown -->
        <test-method is-config="true" signature="setUp()[pri:0, instance:com.tutorialsninjas.qa.testcases.SearchTest@4c12331b]" started-at="2023-08-31T13:25:54 IST" name="setUp" finished-at="2023-08-31T13:25:59 IST" duration-ms="5548" status="PASS">
          <reporter-output>
          </reporter-output>
        </test-method> <!-- setUp -->
        <test-method signature="verifySearchWithInvalidProduct()[pri:2, instance:com.tutorialsninjas.qa.testcases.SearchTest@4c12331b]" started-at="2023-08-31T13:25:59 IST" name="verifySearchWithInvalidProduct" finished-at="2023-08-31T13:26:00 IST" duration-ms="942" status="FAIL">
          <exception class="java.lang.AssertionError">
            <message>
              <![CDATA[No product Message in Search result is not displayed expected [null] but found [There is no product that matches the search criteria.]]]>
            </message>
            <full-stacktrace>
              <![CDATA[java.lang.AssertionError: No product Message in Search result is not displayed expected [null] but found [There is no product that matches the search criteria.]
at org.testng.Assert.fail(Assert.java:110)
at org.testng.Assert.failNotEquals(Assert.java:1577)
at org.testng.Assert.assertEqualsImpl(Assert.java:149)
at org.testng.Assert.assertEquals(Assert.java:131)
at org.testng.Assert.assertEquals(Assert.java:655)
at com.tutorialsninjas.qa.testcases.SearchTest.verifySearchWithInvalidProduct(SearchTest.java:51)
at java.base/jdk.internal.reflect.NativeMethodAccessorImpl.invoke0(Native Method)
at java.base/jdk.internal.reflect.NativeMethodAccessorImpl.invoke(NativeMethodAccessorImpl.java:77)
at java.base/jdk.internal.reflect.DelegatingMethodAccessorImpl.invoke(DelegatingMethodAccessorImpl.java:43)
at java.base/java.lang.reflect.Method.invoke(Method.java:568)
at org.testng.internal.invokers.MethodInvocationHelper.invokeMethod(MethodInvocationHelper.java:139)
at org.testng.internal.invokers.TestInvoker.invokeMethod(TestInvoker.java:677)
at org.testng.internal.invokers.TestInvoker.invokeTestMethod(TestInvoker.java:221)
at org.testng.internal.invokers.MethodRunner.runInSequence(MethodRunner.java:50)
at org.testng.internal.invokers.TestInvoker$MethodInvocationAgent.invoke(TestInvoker.java:969)
at org.testng.internal.invokers.TestInvoker.invokeTestMethods(TestInvoker.java:194)
at org.testng.internal.invokers.TestMethodWorker.invokeTestMethods(TestMethodWorker.java:148)
at org.testng.internal.invokers.TestMethodWorker.run(TestMethodWorker.java:128)
at java.base/java.util.ArrayList.forEach(ArrayList.java:1511)
at org.testng.TestRunner.privateRun(TestRunner.java:829)
at org.testng.TestRunner.run(TestRunner.java:602)
at org.testng.SuiteRunner.runTest(SuiteRunner.java:437)
at org.testng.SuiteRunner.runSequentially(SuiteRunner.java:431)
at org.testng.SuiteRunner.privateRun(SuiteRunner.java:391)
at org.testng.SuiteRunner.run(SuiteRunner.java:330)
at org.testng.SuiteRunnerWorker.runSuite(SuiteRunnerWorker.java:52)
at org.testng.SuiteRunnerWorker.run(SuiteRunnerWorker.java:95)
at org.testng.TestNG.runSuitesSequentially(TestNG.java:1256)
at org.testng.TestNG.runSuitesLocally(TestNG.java:1176)
at org.testng.TestNG.runSuites(TestNG.java:1099)
at org.testng.TestNG.run(TestNG.java:1067)
at org.testng.remote.AbstractRemoteTestNG.run(AbstractRemoteTestNG.java:115)
at org.testng.remote.RemoteTestNG.initAndRun(RemoteTestNG.java:251)
at org.testng.remote.RemoteTestNG.main(RemoteTestNG.java:77)
]]>
            </full-stacktrace>
          </exception> <!-- java.lang.AssertionError -->
          <reporter-output>
          </reporter-output>
        </test-method> <!-- verifySearchWithInvalidProduct -->
        <test-method is-config="true" signature="tearDown()[pri:0, instance:com.tutorialsninjas.qa.testcases.SearchTest@4c12331b]" started-at="2023-08-31T13:26:00 IST" name="tearDown" finished-at="2023-08-31T13:26:01 IST" duration-ms="283" status="PASS">
          <reporter-output>
          </reporter-output>
        </test-method> <!-- tearDown -->
        <test-method signature="verifySearchWithoutAnyProduct()[pri:3, instance:com.tutorialsninjas.qa.testcases.SearchTest@4c12331b]" started-at="2023-08-31T13:26:01 IST" name="verifySearchWithoutAnyProduct" finished-at="2023-08-31T13:26:01 IST" depends-on-methods="com.tutorialsninjas.qa.testcases.SearchTest.verifySearchWithInvalidProduct" duration-ms="0" status="SKIP">
          <exception class="java.lang.Throwable">
            <message>
              <![CDATA[Method com.tutorialsninjas.qa.testcases.SearchTest.verifySearchWithoutAnyProduct() on instance com.tutorialsninjas.qa.testcases.SearchTest@4c12331b depends on not successfully finished methods 
[com.tutorialsninjas.qa.testcases.SearchTest.verifySearchWithInvalidProduct() on instance com.tutorialsninjas.qa.testcases.SearchTest@4c12331b]]]>
            </message>
            <full-stacktrace>
              <![CDATA[java.lang.Throwable: Method com.tutorialsninjas.qa.testcases.SearchTest.verifySearchWithoutAnyProduct() on instance com.tutorialsninjas.qa.testcases.SearchTest@4c12331b depends on not successfully finished methods 
[com.tutorialsninjas.qa.testcases.SearchTest.verifySearchWithInvalidProduct() on instance com.tutorialsninjas.qa.testcases.SearchTest@4c12331b]
at org.testng.internal.invokers.TestInvoker.invokeTestMethods(TestInvoker.java:150)
at org.testng.internal.invokers.TestMethodWorker.invokeTestMethods(TestMethodWorker.java:148)
at org.testng.internal.invokers.TestMethodWorker.run(TestMethodWorker.java:128)
at java.base/java.util.ArrayList.forEach(ArrayList.java:1511)
at org.testng.TestRunner.privateRun(TestRunner.java:829)
at org.testng.TestRunner.run(TestRunner.java:602)
at org.testng.SuiteRunner.runTest(SuiteRunner.java:437)
at org.testng.SuiteRunner.runSequentially(SuiteRunner.java:431)
at org.testng.SuiteRunner.privateRun(SuiteRunner.java:391)
at org.testng.SuiteRunner.run(SuiteRunner.java:330)
at org.testng.SuiteRunnerWorker.runSuite(SuiteRunnerWorker.java:52)
at org.testng.SuiteRunnerWorker.run(SuiteRunnerWorker.java:95)
at org.testng.TestNG.runSuitesSequentially(TestNG.java:1256)
at org.testng.TestNG.runSuitesLocally(TestNG.java:1176)
at org.testng.TestNG.runSuites(TestNG.java:1099)
at org.testng.TestNG.run(TestNG.java:1067)
at org.testng.remote.AbstractRemoteTestNG.run(AbstractRemoteTestNG.java:115)
at org.testng.remote.RemoteTestNG.initAndRun(RemoteTestNG.java:251)
at org.testng.remote.RemoteTestNG.main(RemoteTestNG.java:77)
]]>
            </full-stacktrace>
          </exception> <!-- java.lang.Throwable -->
          <reporter-output>
          </reporter-output>
        </test-method> <!-- verifySearchWithoutAnyProduct -->
      </class> <!-- com.tutorialsninjas.qa.testcases.SearchTest -->
    </test> <!-- TutorialsNinja Test Cases -->
  </suite> <!-- TutorialsNinja Automation Test Suite -->
</testng-results>
